TN:
SF:src\middleware\auth.js
FN:9,auth
FNF:1
FNH:1
FNDA:8,auth
DA:10,8
DA:11,8
DA:12,8
DA:14,7
DA:18,7
DA:22,7
DA:23,7
DA:25,7
DA:26,0
DA:27,7
DA:31,0
DA:36,0
DA:37,0
DA:41,0
DA:42,0
DA:46,0
DA:50,0
DA:57,0
DA:59,0
DA:60,0
LF:20
LH:9
BRDA:12,0,0,1
BRDA:12,0,1,7
BRDA:14,1,0,6
BRDA:14,1,1,1
BRDA:18,2,0,0
BRDA:18,2,1,7
BRDA:25,3,0,0
BRDA:25,3,1,7
BRDA:33,4,0,0
BRDA:33,4,1,0
BRDA:36,5,0,0
BRDA:36,5,1,0
BRDA:36,6,0,0
BRDA:36,6,1,0
BRDA:41,7,0,0
BRDA:41,7,1,0
BRDA:46,8,0,0
BRDA:46,8,1,0
BRDA:52,9,0,0
BRDA:52,9,1,0
BRDA:53,10,0,0
BRDA:53,10,1,0
BRDA:54,11,0,0
BRDA:54,11,1,0
BRF:24
BRH:6
end_of_record
TN:
SF:src\middleware\roles.js
FN:7,Roles
FN:8,(anonymous_1)
FN:17,(anonymous_2)
FNF:3
FNH:3
FNDA:13,Roles
FNDA:9,(anonymous_1)
FNDA:9,(anonymous_2)
DA:8,13
DA:9,9
DA:11,9
DA:12,1
DA:16,8
DA:17,9
DA:19,8
DA:20,1
DA:25,7
DA:27,0
DA:28,0
LF:11
LH:9
BRDA:7,0,0,0
BRDA:11,1,0,1
BRDA:11,1,1,8
BRDA:11,2,0,9
BRDA:11,2,1,8
BRDA:19,3,0,1
BRDA:19,3,1,7
BRF:7
BRH:6
end_of_record
TN:
SF:src\middleware\validation.js
FN:7,(anonymous_0)
FN:7,(anonymous_1)
FNF:2
FNH:2
FNDA:3,(anonymous_0)
FNDA:9,(anonymous_1)
DA:7,3
DA:8,9
DA:10,9
DA:11,9
DA:12,9
DA:13,9
DA:15,9
DA:21,8
DA:22,7
DA:25,1
DA:27,1
DA:28,1
LF:12
LH:12
BRDA:11,0,0,9
BRDA:11,0,1,0
BRDA:11,1,0,9
BRDA:11,1,1,9
BRDA:12,2,0,0
BRDA:12,2,1,9
BRDA:12,3,0,9
BRDA:12,3,1,9
BRDA:13,4,0,0
BRDA:13,4,1,9
BRDA:13,5,0,9
BRDA:13,5,1,9
BRDA:21,6,0,7
BRDA:21,6,1,1
BRF:14
BRH:11
end_of_record
TN:
SF:src\models\card.model.js
FNF:0
FNH:0
DA:3,3
DA:30,3
LF:2
LH:2
BRF:0
BRH:0
end_of_record
TN:
SF:src\models\employee.model.js
FN:29,(anonymous_0)
FN:46,(anonymous_1)
FNF:2
FNH:2
FNDA:7,(anonymous_0)
FNDA:3,(anonymous_1)
DA:4,2
DA:29,2
DA:30,7
DA:31,7
DA:32,7
DA:34,7
DA:42,7
DA:46,2
DA:47,3
LF:9
LH:9
BRDA:30,0,0,7
BRDA:30,0,1,7
BRF:2
BRH:2
end_of_record
TN:
SF:src\models\payment.model.js
FN:63,(anonymous_0)
FNF:1
FNH:1
FNDA:4,(anonymous_0)
DA:3,3
DA:63,3
DA:64,4
DA:65,4
LF:4
LH:4
BRF:0
BRH:0
end_of_record
TN:
SF:src\models\refreshToken.model.js
FN:14,(anonymous_0)
FNF:1
FNH:0
FNDA:0,(anonymous_0)
DA:3,1
DA:14,1
DA:15,0
LF:3
LH:2
BRF:0
BRH:0
end_of_record
TN:
SF:src\models\user.model.js
FN:51,(anonymous_0)
FN:81,(anonymous_1)
FNF:2
FNH:2
FNDA:17,(anonymous_0)
FNDA:2,(anonymous_1)
DA:4,3
DA:51,3
DA:61,17
DA:62,17
DA:63,17
DA:65,17
DA:77,17
DA:81,3
DA:82,2
LF:9
LH:9
BRDA:61,0,0,17
BRDA:61,0,1,17
BRF:2
BRH:2
end_of_record
TN:
SF:src\routes\card.routes.js
FN:20,(anonymous_0)
FN:37,(anonymous_1)
FN:42,(anonymous_2)
FN:50,(anonymous_3)
FNF:4
FNH:1
FNDA:2,(anonymous_0)
FNDA:0,(anonymous_1)
FNDA:0,(anonymous_2)
FNDA:0,(anonymous_3)
DA:6,1
DA:9,1
DA:20,1
DA:21,2
DA:23,2
DA:24,2
DA:26,1
DA:27,1
DA:28,1
DA:29,0
DA:31,1
DA:32,1
DA:37,1
DA:38,0
DA:40,0
DA:41,0
DA:42,0
DA:44,0
DA:45,0
DA:50,1
DA:51,0
DA:53,0
DA:54,0
DA:55,0
DA:57,0
DA:59,0
DA:60,0
LF:27
LH:13
BRDA:21,0,0,0
BRDA:21,0,1,2
BRDA:24,1,0,1
BRDA:24,1,1,1
BRDA:38,2,0,0
BRDA:38,2,1,0
BRDA:51,3,0,0
BRDA:51,3,1,0
BRDA:55,4,0,0
BRDA:55,4,1,0
BRF:10
BRH:3
end_of_record
TN:
SF:src\routes\customer.routes.js
FN:22,(anonymous_0)
FN:23,(anonymous_1)
FN:35,(anonymous_2)
FN:80,(anonymous_3)
FN:95,(anonymous_4)
FN:108,(anonymous_5)
FN:121,(anonymous_6)
FN:161,(anonymous_7)
FN:176,(anonymous_8)
FN:195,(anonymous_9)
FNF:10
FNH:4
FNDA:0,(anonymous_0)
FNDA:0,(anonymous_1)
FNDA:0,(anonymous_2)
FNDA:1,(anonymous_3)
FNDA:0,(anonymous_4)
FNDA:0,(anonymous_5)
FNDA:1,(anonymous_6)
FNDA:0,(anonymous_7)
FNDA:1,(anonymous_8)
FNDA:1,(anonymous_9)
DA:12,1
DA:17,1
DA:18,1
DA:21,1
DA:22,0
DA:24,0
DA:25,0
DA:30,1
DA:37,0
DA:38,0
DA:39,0
DA:40,0
DA:42,0
DA:48,1
DA:56,1
DA:70,1
DA:80,1
DA:81,1
DA:82,1
DA:84,1
DA:85,1
DA:86,1
DA:87,0
DA:89,1
DA:90,1
DA:95,1
DA:96,0
DA:97,0
DA:100,0
DA:102,0
DA:103,0
DA:108,1
DA:109,0
DA:110,0
DA:111,0
DA:112,0
DA:114,0
DA:115,0
DA:121,1
DA:122,1
DA:123,1
DA:124,1
DA:126,1
DA:129,1
DA:130,0
DA:131,0
DA:132,1
DA:133,1
DA:134,1
DA:136,0
DA:139,0
DA:147,0
DA:149,0
DA:155,1
DA:156,1
DA:161,1
DA:162,0
DA:163,0
DA:167,0
DA:169,0
DA:170,0
DA:176,1
DA:177,1
DA:178,1
DA:181,1
DA:182,0
DA:184,0
DA:185,0
DA:190,1
DA:196,1
DA:197,1
DA:198,1
DA:200,1
DA:201,1
DA:202,0
DA:205,1
DA:211,1
DA:213,0
DA:215,0
DA:216,0
LF:80
LH:42
BRDA:18,0,0,0
BRDA:18,0,1,1
BRDA:39,1,0,0
BRDA:39,1,1,0
BRDA:82,2,0,0
BRDA:82,2,1,1
BRDA:111,3,0,0
BRDA:111,3,1,0
BRDA:124,4,0,0
BRDA:124,4,1,1
BRDA:129,5,0,0
BRDA:129,5,1,1
BRDA:131,6,0,0
BRDA:131,6,1,0
BRDA:132,7,0,1
BRDA:132,7,1,0
BRDA:181,8,0,1
BRDA:181,8,1,0
BRDA:198,9,0,0
BRDA:198,9,1,1
BRDA:201,10,0,0
BRDA:201,10,1,1
BRDA:211,11,0,1
BRDA:211,11,1,0
BRF:24
BRH:9
end_of_record
TN:
SF:src\routes\employee.routes.js
FN:46,(anonymous_0)
FN:83,(anonymous_1)
FN:122,(anonymous_2)
FN:162,(anonymous_3)
FN:177,(anonymous_4)
FN:215,(anonymous_5)
FN:222,(anonymous_6)
FN:236,(anonymous_7)
FN:261,(anonymous_8)
FNF:9
FNH:3
FNDA:2,(anonymous_0)
FNDA:2,(anonymous_1)
FNDA:1,(anonymous_2)
FNDA:0,(anonymous_3)
FNDA:0,(anonymous_4)
FNDA:0,(anonymous_5)
FNDA:0,(anonymous_6)
FNDA:0,(anonymous_7)
FNDA:0,(anonymous_8)
DA:12,1
DA:15,1
DA:26,1
DA:31,1
DA:35,1
DA:46,1
DA:47,2
DA:48,2
DA:49,2
DA:51,1
DA:52,1
DA:53,1
DA:55,1
DA:63,1
DA:77,0
DA:78,0
DA:83,1
DA:84,2
DA:85,2
DA:86,2
DA:88,2
DA:89,2
DA:90,2
DA:92,1
DA:93,1
DA:95,1
DA:101,1
DA:116,0
DA:117,0
DA:122,1
DA:123,1
DA:124,1
DA:125,1
DA:127,1
DA:128,1
DA:129,1
DA:131,1
DA:142,0
DA:156,1
DA:157,1
DA:162,1
DA:163,0
DA:164,0
DA:169,0
DA:171,0
DA:172,0
DA:177,1
DA:178,0
DA:179,0
DA:180,0
DA:182,0
DA:183,0
DA:185,0
DA:186,0
DA:187,0
DA:188,0
DA:191,0
DA:192,0
DA:193,0
DA:194,0
DA:196,0
DA:200,0
DA:209,0
DA:210,0
DA:215,1
DA:216,0
DA:217,0
DA:221,0
DA:223,0
DA:224,0
DA:225,0
DA:229,0
DA:231,0
DA:232,0
DA:236,1
DA:237,0
DA:238,0
DA:239,0
DA:242,0
DA:244,0
DA:250,0
DA:251,0
DA:252,0
DA:254,0
DA:256,0
DA:257,0
DA:261,1
DA:262,0
DA:263,0
DA:264,0
DA:265,0
DA:266,0
DA:268,0
DA:269,0
DA:270,0
DA:272,0
DA:274,0
DA:275,0
LF:98
LH:40
BRDA:49,0,0,1
BRDA:49,0,1,1
BRDA:53,1,0,0
BRDA:53,1,1,1
BRDA:86,2,0,0
BRDA:86,2,1,2
BRDA:90,3,0,1
BRDA:90,3,1,1
BRDA:93,4,0,0
BRDA:93,4,1,1
BRDA:125,5,0,0
BRDA:125,5,1,1
BRDA:129,6,0,0
BRDA:129,6,1,1
BRDA:157,7,0,1
BRDA:157,7,1,0
BRDA:180,8,0,0
BRDA:180,8,1,0
BRDA:183,9,0,0
BRDA:183,9,1,0
BRDA:191,10,0,0
BRDA:191,10,1,0
BRDA:204,11,0,0
BRDA:204,11,1,0
BRDA:242,12,0,0
BRDA:242,12,1,0
BRDA:265,13,0,0
BRDA:265,13,1,0
BRDA:270,14,0,0
BRDA:270,14,1,0
BRF:30
BRH:10
end_of_record
